{
  "0 debug pnpm:scope": {
    "selected": 5,
    "total": 5,
    "workspacePrefix": "/Users/qichenggege/Desktop/monerepo"
  },
  "1 debug pnpm:package-manifest": {
    "initial": {
      "name": "mymonerepo",
      "version": "1.0.0",
      "description": "",
      "private": "true",
      "main": "index.js",
      "scripts": {
        "test": "echo \"Error: no test specified\" && exit 1"
      },
      "keywords": [],
      "author": "",
      "license": "ISC",
      "dependencies": {
        "react": "^18.2.0",
        "react-dom": "^18.2.0"
      }
    },
    "prefix": "/Users/qichenggege/Desktop/monerepo"
  },
  "2 debug pnpm:package-manifest": {
    "initial": {
      "name": "@mymonerepo/hooks",
      "version": "1.0.0",
      "description": "",
      "main": "index.js",
      "scripts": {
        "test": "echo \"Error: no test specified\" && exit 1"
      },
      "keywords": [],
      "author": "",
      "license": "ISC",
      "dependencies": {
        "father-build": "^1.22.3"
      }
    },
    "prefix": "/Users/qichenggege/Desktop/monerepo/packages/hooks"
  },
  "3 debug pnpm:package-manifest": {
    "initial": {
      "name": "@mymonerepo/react",
      "private": true,
      "version": "0.0.0",
      "type": "module",
      "scripts": {
        "dev": "vite",
        "build": "tsc && vite build",
        "preview": "vite preview"
      },
      "dependencies": {
        "@mymonerepo/utils": "workspace:^1.0.0",
        "react": "^18.2.0",
        "react-dom": "^18.2.0"
      },
      "devDependencies": {
        "@types/react": "^18.0.15",
        "@types/react-dom": "^18.0.6",
        "@vitejs/plugin-react": "^2.0.0",
        "typescript": "^4.6.4",
        "vite": "^3.0.0"
      }
    },
    "prefix": "/Users/qichenggege/Desktop/monerepo/packages/react-vite"
  },
  "4 debug pnpm:package-manifest": {
    "initial": {
      "name": "@mymonerepo/utils",
      "version": "0.0.1",
      "description": "",
      "main": "dist/cjs/index.js",
      "module": "dist/esm/index.js",
      "scripts": {
        "dev": "father dev",
        "build": "father build",
        "build:deps": "father prebundle",
        "prepublishOnly": "npm run build"
      },
      "keywords": [],
      "authors": [],
      "license": "MIT",
      "files": [
        "dist",
        "compiled"
      ],
      "publishConfig": {
        "access": "public"
      },
      "devDependencies": {
        "father": "^4.0.0-rc.8"
      }
    },
    "prefix": "/Users/qichenggege/Desktop/monerepo/packages/utils"
  },
  "5 debug pnpm:package-manifest": {
    "initial": {
      "name": "@mymonerepo/vue",
      "private": true,
      "version": "0.0.0",
      "type": "module",
      "scripts": {
        "dev": "vite",
        "build": "vue-tsc --noEmit && vite build",
        "preview": "vite preview"
      },
      "dependencies": {
        "@mymonerepo/utils": "workspace:^1.0.0",
        "vue": "^3.2.37"
      },
      "devDependencies": {
        "@vitejs/plugin-vue": "^3.0.0",
        "typescript": "^4.6.4",
        "vite": "^3.0.0",
        "vue-tsc": "^0.38.4"
      }
    },
    "prefix": "/Users/qichenggege/Desktop/monerepo/packages/vue-vite"
  },
  "6 debug pnpm:context": {
    "currentLockfileExists": true,
    "storeDir": "/Users/qichenggege/Library/pnpm/store/v3",
    "virtualStoreDir": "/Users/qichenggege/Desktop/monerepo/node_modules/.pnpm"
  },
  "7 debug pnpm:stage": {
    "prefix": "/Users/qichenggege/Desktop/monerepo",
    "stage": "resolution_started"
  },
  "8 error pnpm": {
    "code": "ERR_PNPM_NO_MATCHING_VERSION_INSIDE_WORKSPACE",
    "pkgsStack": [],
    "err": {
      "name": "pnpm",
      "message": "In ../react-vite: No matching version found for @mymonerepo/utils@^1.0.0 inside the workspace",
      "code": "ERR_PNPM_NO_MATCHING_VERSION_INSIDE_WORKSPACE",
      "stack": "pnpm: In ../react-vite: No matching version found for @mymonerepo/utils@^1.0.0 inside the workspace\n    at tryResolveFromWorkspace (/Users/qichenggege/Library/pnpm/global/5/.pnpm/pnpm@7.5.0/node_modules/pnpm/dist/pnpm.cjs:85909:15)\n    at resolveNpm (/Users/qichenggege/Library/pnpm/global/5/.pnpm/pnpm@7.5.0/node_modules/pnpm/dist/pnpm.cjs:85801:39)\n    at Object.resolve (/Users/qichenggege/Library/pnpm/global/5/.pnpm/pnpm@7.5.0/node_modules/pnpm/dist/pnpm.cjs:86031:34)\n    at ctx.requestsQueue.add.priority (/Users/qichenggege/Library/pnpm/global/5/.pnpm/pnpm@7.5.0/node_modules/pnpm/dist/pnpm.cjs:93212:75)\n    at run (/Users/qichenggege/Library/pnpm/global/5/.pnpm/pnpm@7.5.0/node_modules/pnpm/dist/pnpm.cjs:92973:90)\n    at PQueue._tryToStartAnother (/Users/qichenggege/Library/pnpm/global/5/.pnpm/pnpm@7.5.0/node_modules/pnpm/dist/pnpm.cjs:92927:13)\n    at /Users/qichenggege/Library/pnpm/global/5/.pnpm/pnpm@7.5.0/node_modules/pnpm/dist/pnpm.cjs:92986:16\n    at new Promise (<anonymous>)\n    at PQueue.add (/Users/qichenggege/Library/pnpm/global/5/.pnpm/pnpm@7.5.0/node_modules/pnpm/dist/pnpm.cjs:92968:16)\n    at resolveAndFetch (/Users/qichenggege/Library/pnpm/global/5/.pnpm/pnpm@7.5.0/node_modules/pnpm/dist/pnpm.cjs:93212:55)"
    }
  }
}